2025-06-23 01:51:26,468 - INFO - Train Num: 1, Thresh: 5.0, Alpha: 0.3, Beta: 5.0.
2025-06-23 01:51:26,468 - INFO - Start training...
2025-06-23 10:09:48,219 - INFO - Train Num: 1, Thresh: 5.0, Alpha: 0.3, Beta: 5.0.
2025-06-23 10:09:48,220 - INFO - Start training...
2025-06-23 10:10:38,698 - INFO - Train Num: 1, Thresh: 5.0, Alpha: 0.3, Beta: 5.0.
2025-06-23 10:10:38,698 - INFO - Start training...
2025-06-23 10:11:58,626 - INFO - Train Num: 1, Thresh: 5.0, Alpha: 0.3, Beta: 5.0.
2025-06-23 10:11:58,626 - INFO - Start training...
2025-06-23 10:36:26,735 - INFO - Train Num: 1, Thresh: 5.0, Alpha: 0.3, Beta: 5.0.
2025-06-23 10:36:26,735 - INFO - Start training...
2025-06-23 15:50:49,636 - INFO - Train Num: 3200, Thresh: 5.0, Alpha: 0.5, Beta: 1.0.
2025-06-23 15:50:49,644 - INFO - Start training...
2025-06-23 16:23:29,189 - INFO - Train Num: 320, Thresh: 5.0, Alpha: 0.5, Beta: 1.0.
2025-06-23 16:23:29,190 - INFO - Start training...
2025-06-23 21:24:39,294 - INFO - Finish training.
Accuracy: 0.1814, Gen loss: 0.2247, Disc loss: 0.3430
2025-06-23 21:24:40,594 - INFO - Save generator.
2025-06-23 22:00:33,235 - INFO - Train Num: 320, Thresh: 5.0, Alpha: 0.3, Beta: 5.0.
2025-06-23 22:00:33,235 - INFO - Start training...
2025-06-24 00:45:03,566 - INFO - Train Num: 32, Thresh: 5.0, Alpha: 0.3, Beta: 5.0.
2025-06-24 00:45:03,566 - INFO - Start training...
2025-06-24 00:45:16,151 - INFO - Finish training.
Accuracy: 0.3750, Gen loss: 1962.5135, Disc loss: 0.9998
2025-06-24 00:45:16,515 - INFO - Save generator.
2025-07-16 21:51:08,893 - INFO - Train Num: 100, Thresh: 5.0, Alpha: 5.0, Beta: 5.0.
2025-07-16 21:51:08,894 - INFO - Start training...
2025-07-16 21:54:09,541 - INFO - Train Num: 100, Thresh: 5.0, Alpha: 5.0, Beta: 5.0.
2025-07-16 21:54:09,541 - INFO - Start training...
2025-08-27 16:36:39,971 - INFO - Train Num: 10, Thresh: 10.0, Alpha: 10.0, Beta: 1.0.
2025-08-27 16:36:39,971 - INFO - Start training...
2025-08-27 16:38:47,598 - INFO - Train Num: 100, Thresh: 10.0, Alpha: 10.0, Beta: 1.0.
2025-08-27 16:38:47,598 - INFO - Start training...
2025-08-27 16:40:21,949 - INFO - Train Num: 100, Thresh: 10.0, Alpha: 10.0, Beta: 1.0.
2025-08-27 16:40:21,949 - INFO - Start training...
2025-08-27 16:47:20,669 - INFO - Train Num: 10, Thresh: 10.0, Alpha: 10.0, Beta: 1.0.
2025-08-27 16:47:20,669 - INFO - Start training...
2025-08-27 16:49:01,461 - INFO - Train Num: 100, Thresh: 10.0, Alpha: 10.0, Beta: 1.0.
2025-08-27 16:49:01,461 - INFO - Start training...
2025-08-27 16:51:41,782 - INFO - Train Num: 100, Thresh: 10.0, Alpha: 10.0, Beta: 1.0.
2025-08-27 16:51:41,783 - INFO - Start training...
2025-08-27 16:53:42,841 - INFO - Finish training.
Accuracy: nan, Gen loss: 10.3818, Disc loss: 1.0000
2025-08-27 16:57:10,951 - INFO - Train Num: 10, Thresh: 10.0, Alpha: 10.0, Beta: 1.0.
2025-08-27 16:57:10,952 - INFO - Start training...
2025-08-27 16:57:12,237 - INFO - Finish training.
Avg accuracy: 0.0%
gen_loss: 168.8951, disc_loss: 1.0000
